<?xml version="1.0" encoding="UTF-8"?>
<testsuite xmlns:xsi="http://www.w3.org/2001/XMLSchema-instance" xsi:noNamespaceSchemaLocation="https://maven.apache.org/surefire/maven-surefire-plugin/xsd/surefire-test-report-3.0.xsd" version="3.0" name="NewTest" time="44.169" tests="1" errors="0" skipped="0" failures="0">
  <properties>
[...]
</properties>
  <testcase name="userCanSearchInGoogle" classname="NewTest" time="36.605">
    <system-out><![CDATA[Born today: 1. Lukita Maxwell
Born today: 2. Inbar Lavi
Born today: 3. Joanna Scanlan
Born today: 4. Myles Clohessy
Born today: 5. Gavin Lewis
]]></system-out>
    <system-err><![CDATA[[main] INFO com.codeborne.selenide.impl.WebDriverThreadLocalContainer - No webdriver is bound to current thread: 1 - let's create a new webdriver
[main] INFO com.codeborne.selenide.impl.FileHelper - Creating folder: C:\Users\ceops\Projects\birthdays\build\downloads\1730052030829_20556_1
[main] INFO io.github.bonigarcia.wdm.WebDriverManager - Using geckodriver 0.33.0 (resolved driver for Firefox 119)
[main] INFO io.github.bonigarcia.wdm.WebDriverManager - Exporting webdriver.gecko.driver as C:\Users\ceops\.cache\selenium\geckodriver\win64\0.33.0\geckodriver.exe
[main] INFO com.codeborne.selenide.webdriver.SelenideNettyClientFactory - Changed readTimeout from PT3M to PT1M30S
Oct 27, 2024 8:00:31 PM org.openqa.selenium.remote.RemoteWebDriver startSession
WARNING: Support for Legacy Capabilities is deprecated; You are sending the following invalid capabilities: [acceptSslCerts, handlesAlerts, javascriptEnabled, takesScreenshot]; Please update to W3C Syntax: https://www.selenium.dev/blog/2022/legacy-protocol-support/
1730052031957	geckodriver	INFO	Listening on 127.0.0.1:65132
1730052032274	mozrunner::runner	INFO	Running command: "C:\\Program Files\\Mozilla Firefox\\firefox.exe" "--marionette" "--remote-debugging-port" "61965" "--remote ... ow-origins" "http://localhost:61965/" "-no-remote" "-profile" "C:\\Users\\ceops\\AppData\\Local\\Temp\\rust_mozprofile5oJMpe"
console.warn: services.settings: Ignoring preference override of remote settings server
console.warn: services.settings: Allow by setting MOZ_REMOTE_SETTINGS_DEVTOOLS=1 in the environment
1730052032752	Marionette	INFO	Marionette enabled
Dynamically enable window occlusion 0
1730052032935	Marionette	INFO	Listening on port 51548
Read port: 51548
WebDriver BiDi listening on ws://127.0.0.1:61965
1730052033123	RemoteAgent	WARN	TLS certificate errors will be ignored for this session
DevTools listening on ws://127.0.0.1:61965/devtools/browser/9bf0a989-698d-4fd2-9592-68a45236850e
Oct 27, 2024 8:00:36 PM org.openqa.selenium.remote.ProtocolHandshake createSession
INFO: Detected upstream dialect: W3C
Oct 27, 2024 8:00:36 PM org.openqa.selenium.remote.ProtocolHandshake createSession
WARNING: Support for Legacy Capabilities is deprecated; You are sending the following invalid capabilities: [acceptSslCerts, handlesAlerts, javascriptEnabled, takesScreenshot]; Please update to W3C Syntax: https://www.selenium.dev/blog/2022/legacy-protocol-support/
[main] INFO com.codeborne.selenide.webdriver.SelenideNettyClientFactory - Changed readTimeout from PT3M to PT1M30S
[main] INFO com.codeborne.selenide.webdriver.BrowserResizer - Set browser size to 1920x1080
[main] INFO com.codeborne.selenide.webdriver.WebDriverFactory - BrowserName=firefox Version=119.0.1 Platform=WINDOWS
[main] INFO com.codeborne.selenide.webdriver.WebDriverFactory - Selenide v. 6.6.4
[main] INFO com.codeborne.selenide.webdriver.WebDriverFactory - Selenium WebDriver v. 4.2.2 build revision: 683ccb65d6
[main] INFO com.codeborne.selenide.drivercommands.CreateDriverCommand - Created webdriver in thread 1: FirefoxDriver -> FirefoxDriver: firefox on WINDOWS (3a533e72-9715-4426-933a-1e730a9a3290)
console.warn: LoginRecipes: "Falling back to a synchronous message for: https://www.google.com."
JavaScript warning: https://www.gstatic.com/og/_/js/k=og.asy.en_US.NZC1vyqcVBk.2019.O/rt=j/m=_ac,_awd,ada,lldp,qads/exm=/d=1/ed=1/rs=AA2YrTsJX_KuTpwEm7QXbtd_DFsD5q3VMg, line 55: Script terminated by timeout at:
_.te@https://www.gstatic.com/og/_/js/k=og.asy.en_US.NZC1vyqcVBk.2019.O/rt=j/m=_ac,_awd,ada,lldp,qads/exm=/d=1/ed=1/rs=AA2YrTsJX_KuTpwEm7QXbtd_DFsD5q3VMg:55:356
_.ue@https://www.gstatic.com/og/_/js/k=og.asy.en_US.NZC1vyqcVBk.2019.O/rt=j/m=_ac,_awd,ada,lldp,qads/exm=/d=1/ed=1/rs=AA2YrTsJX_KuTpwEm7QXbtd_DFsD5q3VMg:55:625
Ne@https://www.gstatic.com/og/_/js/k=og.asy.en_US.NZC1vyqcVBk.2019.O/rt=j/m=_ac,_awd,ada,lldp,qads/exm=/d=1/ed=1/rs=AA2YrTsJX_KuTpwEm7QXbtd_DFsD5q3VMg:64:38
b@https://www.gstatic.com/og/_/js/k=og.asy.en_US.NZC1vyqcVBk.2019.O/rt=j/m=_ac,_awd,ada,lldp,qads/exm=/d=1/ed=1/rs=AA2YrTsJX_KuTpwEm7QXbtd_DFsD5q3VMg:61:465

1730052051999	Marionette	WARN	Ignoring event 'DOMContentLoaded' because document has an invalid readyState of 'complete'.
1730052062778	addons.xpi	ERROR	System addon update list error SyntaxError: XMLHttpRequest.open: 'http://%(server)s/dummy-system-addons.xml' is not a valid URL.
]]></system-err>
  </testcase>
</testsuite>